<?xml version="1.0" encoding="UTF-8"?>
<testsuite xmlns:xsi="http://www.w3.org/2001/XMLSchema-instance" xsi:schemaLocation="https://maven.apache.org/surefire/maven-surefire-plugin/xsd/surefire-test-report.xsd" name="org.incode.eurocommercial.relatio.camel.webapp.MyFilterTest" time="1.454" tests="2" errors="0" skipped="0" failures="0">
  <properties>
[...]
</properties>
  <testcase name="matches_ITA" classname="org.incode.eurocommercial.relatio.camel.webapp.MyFilterTest" time="0.093"/>
  <testcase name="does_not_match_FRA" classname="org.incode.eurocommercial.relatio.camel.webapp.MyFilterTest" time="0.012"/>
</testsuite>